2025-12-08 19:41:45 INFO  Main - Start FlowerShop program
2025-12-08 19:44:43 INFO  Main - Start FlowerShop program
2025-12-08 19:48:38 ERROR Main - Fatal error:
2025-12-08 19:48:38 INFO  Main - Start FlowerShop program
2025-12-08 19:48:40 ERROR Main - Fatal error:
2025-12-08 19:48:40 INFO  Main - Start FlowerShop program
2025-12-08 20:04:03 ERROR Main - Fatal error:
2025-12-08 20:04:03 INFO  Main - Start FlowerShop program
2025-12-08 20:07:52 ERROR Main - Fatal error:
2025-12-08 20:07:52 INFO  Main - Start FlowerShop program
2025-12-08 20:21:35 ERROR Main - Fatal error:
2025-12-08 20:21:35 INFO  Main - Start FlowerShop program
2025-12-08 20:26:51 ERROR Main - Fatal error:
2025-12-08 20:27:01 INFO  Main - Start FlowerShop program
2025-12-08 20:33:18 ERROR Main - Fatal error:
2025-12-08 20:33:20 INFO  Main - Start FlowerShop program
2025-12-08 20:38:01 INFO  Main - Start FlowerShop program
2025-12-08 20:39:37 INFO  Main - Start FlowerShop program
2025-12-08 20:39:39 INFO  Main - Start FlowerShop program
2025-12-08 20:39:46 INFO  Main - FlowerShop program finished normally
2025-12-08 20:50:29 INFO  Main - Start FlowerShop program
2025-12-08 20:50:29 ERROR FlowerShop - Файл помилка catalog.1 (The system cannot find the file specified)
2025-12-08 20:50:40 INFO  Main - FlowerShop program finished normally
2025-12-08 20:52:02 INFO  Main - Start FlowerShop program
2025-12-08 20:52:15 INFO  Main - FlowerShop program finished 
2025-12-08 20:53:48 INFO  Main - Start FlowerShop program
2025-12-08 20:54:01 INFO  Main - FlowerShop program finished 
2025-12-08 20:55:06 INFO  Main - Start FlowerShop program
2025-12-08 20:55:06 ERROR FlowerShop - Файл помилка catalog.2 (The system cannot find the file specified)
2025-12-08 20:55:11 INFO  Main - FlowerShop program finished 
2025-12-08 20:56:19 INFO  Main - Start FlowerShop program
2025-12-08 20:56:28 INFO  Main - FlowerShop program finished 
2025-12-08 20:57:09 INFO  Main - Start FlowerShop program
2025-12-08 20:57:16 INFO  Main - FlowerShop program finished 
2025-12-08 21:06:05 ERROR FlowerShop - Файл помилка catalog.dat (The system cannot find the file specified)
2025-12-08 21:06:07 ERROR FlowerShop - Файл помилка catalog.dat (The system cannot find the file specified)
2025-12-08 21:06:08 ERROR FlowerShop - Файл помилка catalog.dat (The system cannot find the file specified)
2025-12-08 21:06:09 ERROR FlowerShop - Файл помилка catalog.dat (The system cannot find the file specified)
2025-12-08 21:06:10 ERROR FlowerShop - Файл помилка catalog.dat (The system cannot find the file specified)
2025-12-08 21:06:11 ERROR FlowerShop - Файл помилка catalog.dat (The system cannot find the file specified)
2025-12-08 21:06:12 ERROR FlowerShop - Файл помилка catalog.dat (The system cannot find the file specified)
2025-12-08 21:06:13 ERROR FlowerShop - Файл помилка catalog.dat (The system cannot find the file specified)
2025-12-08 21:06:15 ERROR FlowerShop - Файл помилка catalog.dat (The system cannot find the file specified)
2025-12-08 21:06:16 ERROR FlowerShop - Файл помилка catalog.dat (The system cannot find the file specified)
2025-12-08 21:06:17 ERROR FlowerShop - Файл помилка catalog.dat (The system cannot find the file specified)
2025-12-08 21:06:18 ERROR FlowerShop - Файл помилка catalog.dat (The system cannot find the file specified)
2025-12-08 21:06:19 ERROR FlowerShop - Файл помилка catalog.dat (The system cannot find the file specified)
2025-12-08 21:06:21 ERROR FlowerShop - Файл помилка catalog.dat (The system cannot find the file specified)
2025-12-08 21:06:22 ERROR FlowerShop - Файл помилка catalog.dat (The system cannot find the file specified)
2025-12-08 21:06:23 ERROR FlowerShop - Файл помилка catalog.dat (The system cannot find the file specified)
2025-12-08 21:06:24 ERROR FlowerShop - Файл помилка catalog.dat (The system cannot find the file specified)
2025-12-08 21:08:08 ERROR FlowerShop - Файл помилка catalog.dat (The system cannot find the file specified)
2025-12-08 21:08:10 ERROR FlowerShop - Файл помилка catalog.dat (The system cannot find the file specified)
2025-12-08 21:08:11 ERROR FlowerShop - Файл помилка catalog.dat (The system cannot find the file specified)
2025-12-08 21:08:14 ERROR FlowerShop - Файл помилка catalog.dat (The system cannot find the file specified)
2025-12-08 21:08:15 ERROR FlowerShop - Файл помилка catalog.dat (The system cannot find the file specified)
2025-12-08 21:08:16 ERROR FlowerShop - Файл помилка catalog.dat (The system cannot find the file specified)
2025-12-08 21:08:17 ERROR FlowerShop - Файл помилка catalog.dat (The system cannot find the file specified)
2025-12-08 21:08:20 ERROR FlowerShop - Файл помилка catalog.dat (The system cannot find the file specified)
2025-12-08 21:08:21 ERROR FlowerShop - Файл помилка catalog.dat (The system cannot find the file specified)
2025-12-08 21:08:23 ERROR FlowerShop - Файл помилка catalog.dat (The system cannot find the file specified)
2025-12-08 21:08:24 ERROR FlowerShop - Файл помилка catalog.dat (The system cannot find the file specified)
2025-12-08 21:08:25 ERROR FlowerShop - Файл помилка catalog.dat (The system cannot find the file specified)
2025-12-08 21:08:26 ERROR FlowerShop - Файл помилка catalog.dat (The system cannot find the file specified)
2025-12-08 21:08:28 ERROR FlowerShop - Файл помилка catalog.dat (The system cannot find the file specified)
2025-12-08 21:08:29 ERROR FlowerShop - Файл помилка catalog.dat (The system cannot find the file specified)
2025-12-08 21:08:30 ERROR FlowerShop - Файл помилка catalog.dat (The system cannot find the file specified)
2025-12-08 21:08:31 ERROR FlowerShop - Файл помилка catalog.dat (The system cannot find the file specified)
2025-12-08 21:08:32 ERROR FlowerShop - Файл помилка catalog.dat (The system cannot find the file specified)
2025-12-08 21:08:34 ERROR FlowerShop - Файл помилка catalog.dat (The system cannot find the file specified)
2025-12-08 21:08:35 ERROR FlowerShop - Файл помилка catalog.dat (The system cannot find the file specified)
2025-12-08 21:08:36 ERROR FlowerShop - Файл помилка catalog.dat (The system cannot find the file specified)
2025-12-08 21:08:37 ERROR FlowerShop - Файл помилка catalog.dat (The system cannot find the file specified)
2025-12-08 21:08:39 ERROR FlowerShop - Файл помилка catalog.dat (The system cannot find the file specified)
2025-12-08 21:08:40 ERROR FlowerShop - Файл помилка catalog.dat (The system cannot find the file specified)
2025-12-08 21:08:41 ERROR FlowerShop - Файл помилка catalog.dat (The system cannot find the file specified)
2025-12-08 21:08:42 ERROR FlowerShop - Файл помилка catalog.dat (The system cannot find the file specified)
2025-12-08 21:25:28 ERROR FlowerShop - Файл помилка catalog.dat (The system cannot find the file specified)
2025-12-08 21:25:29 ERROR FlowerShop - Файл помилка catalog.dat (The system cannot find the file specified)
2025-12-08 21:25:31 ERROR FlowerShop - Файл помилка catalog.dat (The system cannot find the file specified)
2025-12-08 21:25:33 ERROR FlowerShop - Файл помилка catalog.dat (The system cannot find the file specified)
2025-12-08 21:25:34 ERROR FlowerShop - Файл помилка catalog.dat (The system cannot find the file specified)
2025-12-08 21:25:35 ERROR FlowerShop - Файл помилка catalog.dat (The system cannot find the file specified)
2025-12-08 21:25:37 ERROR FlowerShop - Файл помилка catalog.dat (The system cannot find the file specified)
2025-12-08 21:25:38 ERROR FlowerShop - Файл помилка catalog.dat (The system cannot find the file specified)
2025-12-08 21:25:39 ERROR FlowerShop - Файл помилка catalog.dat (The system cannot find the file specified)
2025-12-08 21:25:40 ERROR FlowerShop - Файл помилка catalog.dat (The system cannot find the file specified)
2025-12-08 21:25:41 ERROR FlowerShop - Файл помилка catalog.dat (The system cannot find the file specified)
2025-12-08 21:25:43 ERROR FlowerShop - Файл помилка catalog.dat (The system cannot find the file specified)
2025-12-08 21:25:44 ERROR FlowerShop - Файл помилка catalog.dat (The system cannot find the file specified)
2025-12-08 21:25:45 ERROR FlowerShop - Файл помилка catalog.dat (The system cannot find the file specified)
2025-12-08 21:25:46 ERROR FlowerShop - Файл помилка catalog.dat (The system cannot find the file specified)
2025-12-08 21:25:47 ERROR FlowerShop - Файл помилка catalog.dat (The system cannot find the file specified)
2025-12-08 21:25:49 ERROR FlowerShop - Файл помилка catalog.dat (The system cannot find the file specified)
2025-12-08 21:37:43 ERROR FlowerShop - Файл помилка catalog.dat (The system cannot find the file specified)
2025-12-08 21:37:45 ERROR FlowerShop - Файл помилка catalog.dat (The system cannot find the file specified)
2025-12-08 21:37:46 ERROR FlowerShop - Файл помилка catalog.dat (The system cannot find the file specified)
2025-12-08 21:37:47 ERROR FlowerShop - Файл помилка catalog.dat (The system cannot find the file specified)
2025-12-08 21:37:49 ERROR FlowerShop - Файл помилка catalog.dat (The system cannot find the file specified)
2025-12-08 21:37:50 ERROR FlowerShop - Файл помилка catalog.dat (The system cannot find the file specified)
2025-12-08 21:37:52 ERROR FlowerShop - Файл помилка catalog.dat (The system cannot find the file specified)
2025-12-08 21:37:53 ERROR FlowerShop - Файл помилка catalog.dat (The system cannot find the file specified)
2025-12-08 21:37:54 ERROR FlowerShop - Файл помилка catalog.dat (The system cannot find the file specified)
2025-12-08 21:37:56 ERROR FlowerShop - Файл помилка catalog.dat (The system cannot find the file specified)
2025-12-08 21:37:57 ERROR FlowerShop - Файл помилка catalog.dat (The system cannot find the file specified)
2025-12-08 21:37:58 ERROR FlowerShop - Файл помилка catalog.dat (The system cannot find the file specified)
2025-12-08 21:38:00 ERROR FlowerShop - Файл помилка catalog.dat (The system cannot find the file specified)
2025-12-08 21:38:01 ERROR FlowerShop - Файл помилка catalog.dat (The system cannot find the file specified)
2025-12-08 21:38:03 ERROR FlowerShop - Файл помилка catalog.dat (The system cannot find the file specified)
2025-12-08 21:38:04 ERROR FlowerShop - Файл помилка catalog.dat (The system cannot find the file specified)
2025-12-08 21:38:05 ERROR FlowerShop - Файл помилка catalog.dat (The system cannot find the file specified)
2025-12-08 21:38:36 ERROR FlowerShop - Файл помилка catalog.dat (The system cannot find the file specified)
2025-12-08 21:38:38 ERROR FlowerShop - Файл помилка catalog.dat (The system cannot find the file specified)
2025-12-08 21:38:39 ERROR FlowerShop - Файл помилка catalog.dat (The system cannot find the file specified)
2025-12-08 21:38:41 ERROR FlowerShop - Файл помилка catalog.dat (The system cannot find the file specified)
2025-12-08 21:38:43 ERROR FlowerShop - Файл помилка catalog.dat (The system cannot find the file specified)
2025-12-08 21:38:44 ERROR FlowerShop - Файл помилка catalog.dat (The system cannot find the file specified)
2025-12-08 21:38:46 ERROR FlowerShop - Файл помилка catalog.dat (The system cannot find the file specified)
2025-12-08 21:38:47 ERROR FlowerShop - Файл помилка catalog.dat (The system cannot find the file specified)
2025-12-08 21:38:48 ERROR FlowerShop - Файл помилка catalog.dat (The system cannot find the file specified)
2025-12-08 21:38:49 ERROR FlowerShop - Файл помилка catalog.dat (The system cannot find the file specified)
2025-12-08 21:38:51 ERROR FlowerShop - Файл помилка catalog.dat (The system cannot find the file specified)
2025-12-08 21:38:52 ERROR FlowerShop - Файл помилка catalog.dat (The system cannot find the file specified)
2025-12-08 21:38:53 ERROR FlowerShop - Файл помилка catalog.dat (The system cannot find the file specified)
2025-12-08 21:38:54 ERROR FlowerShop - Файл помилка catalog.dat (The system cannot find the file specified)
2025-12-08 21:38:56 ERROR FlowerShop - Файл помилка catalog.dat (The system cannot find the file specified)
2025-12-08 21:38:57 ERROR FlowerShop - Файл помилка catalog.dat (The system cannot find the file specified)
2025-12-08 21:38:58 ERROR FlowerShop - Файл помилка catalog.dat (The system cannot find the file specified)
2025-12-09 16:44:24 INFO  Main - Start FlowerShop program
2025-12-09 16:44:24 INFO  FlowerShop - Створення FlowerShop та завантаження каталогу
2025-12-09 16:44:24 INFO  FlowerShop - Каталог успішно завантажено з файлу catalog.dat
2025-12-09 16:44:41 INFO  FlowerShop - Користувач переглядає каталог квітів. Поточний розмір: 3
2025-12-09 16:44:45 INFO  FlowerShop - Користувач додає нову квітку до каталогу
2025-12-09 16:45:22 INFO  FlowerShop - Квітку 'sofeys' додано. Новий розмір каталогу: 4
2025-12-09 16:45:33 INFO  FlowerShop - Користувач запускає сортування букету за свіжістю
2025-12-09 16:45:33 INFO  FlowerShop - Користувач переглядає всі букети. Кількість: 0
2025-12-09 16:45:33 WARN  FlowerShop - Сортування скасовано: букет не обрано
2025-12-09 16:48:07 INFO  FlowerShop - Користувач зберігає каталог у файл catalog.dat
2025-12-09 16:48:08 INFO  FlowerShop - Каталог успішно збережено у файл catalog.dat
2025-12-09 16:48:08 INFO  Main - FlowerShop program finished 
2025-12-09 16:56:41 INFO  Main - Start FlowerShop program
2025-12-09 16:56:41 INFO  FlowerShop - Створення FlowerShop та завантаження каталогу
2025-12-09 16:56:41 INFO  FlowerShop - Каталог успішно завантажено з файлу catalog.dat
2025-12-09 16:56:48 INFO  FlowerShop - Користувач переглядає каталог квітів. Поточний розмір: 4
2025-12-09 16:56:52 INFO  FlowerShop - Користувач зберігає каталог у файл catalog.dat
2025-12-09 16:56:52 INFO  FlowerShop - Каталог успішно збережено у файл catalog.dat
2025-12-09 16:56:52 INFO  Main - FlowerShop program finished 
2025-12-09 16:59:41 INFO  Main - Start FlowerShop program
2025-12-09 16:59:41 INFO  FlowerShop - Створення FlowerShop та завантаження каталогу
2025-12-09 16:59:41 ERROR FlowerShop - Помилка читання файлу catalog.d: catalog.d (The system cannot find the file specified)
java.io.FileNotFoundException: catalog.d (The system cannot find the file specified)
	at java.io.FileInputStream.open0(Native Method) ~[?:?]
	at java.io.FileInputStream.open(FileInputStream.java:185) ~[?:?]
	at java.io.FileInputStream.<init>(FileInputStream.java:139) ~[?:?]
	at java.io.FileInputStream.<init>(FileInputStream.java:109) ~[?:?]
	at service.FlowerShop.loadCatalogFromFile(FlowerShop.java:249) [classes/:?]
	at service.FlowerShop.<init>(FlowerShop.java:27) [classes/:?]
	at service.Main.main(Main.java:17) [classes/:?]
2025-12-09 16:59:44 INFO  FlowerShop - Каталог порожній, ініціалізуємо демо-дані
2025-12-09 16:59:44 INFO  FlowerShop - Демо-каталог ініціалізовано 3 квітками
2025-12-09 16:59:59 INFO  FlowerShop - Користувач переглядає каталог квітів. Поточний розмір: 3
2025-12-09 17:00:03 INFO  FlowerShop - Користувач створює новий букет
2025-12-09 17:00:07 INFO  FlowerShop - Букет '123' створено. Кількість букетів: 1
2025-12-09 17:00:16 INFO  FlowerShop - Користувач починає редагування букету
2025-12-09 17:00:16 INFO  FlowerShop - Користувач переглядає всі букети. Кількість: 1
2025-12-09 17:00:20 INFO  FlowerShop - Редагування букету '123'
2025-12-09 17:00:20 INFO  FlowerShop - Користувач переглядає каталог квітів. Поточний розмір: 3
2025-12-09 17:00:29 INFO  FlowerShop - До букету '123' додано 6 шт. квітки 'Ромашка Польова'
2025-12-09 17:00:29 INFO  FlowerShop - Користувач переглядає каталог квітів. Поточний розмір: 3
2025-12-09 17:00:34 INFO  FlowerShop - Букет '123' оновлено. Нова ціна: 180.0 грн
2025-12-09 17:00:41 INFO  FlowerShop - Користувач запускає сортування букету за свіжістю
2025-12-09 17:00:41 INFO  FlowerShop - Користувач переглядає всі букети. Кількість: 1
2025-12-09 17:00:44 INFO  FlowerShop - Сортується букет '123'
2025-12-09 17:00:49 INFO  FlowerShop - Користувач зберігає каталог у файл catalog.d
2025-12-09 17:00:49 INFO  FlowerShop - Каталог успішно збережено у файл catalog.d
2025-12-09 17:00:49 INFO  Main - FlowerShop program finished 
